<?xml version="1.0" encoding="UTF-8"?>
<!-- Generated by org.testng.reporters.JUnitReportReporter -->
<testsuite skipped="0" hostname="Users-MacBook-Pro.local" name="com.Tests.HomePageTest" tests="4" failures="0" timestamp="2020-11-19T20:36:34 IST" time="11.034" errors="0">
  <testcase name="checkForChatAndDate" time="4.376" classname="com.Tests.HomePageTest"/>
  <system-out>
Website is showing Current Date 19 November, 2020  </system-out>
  <testcase name="checkProductFromSearch" time="3.316" classname="com.Tests.HomePageTest"/>
  <system-out/>
  <testcase name="checkForContactUsSorting" time="0.723" classname="com.Tests.HomePageTest"/>
  <system-out>
Product List box is not in Sorted Order  </system-out>
  <testcase name="HeaderTest" time="2.619" classname="com.Tests.HomePageTest"/>
  <system-out>
 HeaderTab Not Found   </system-out>
</testsuite> <!-- com.Tests.HomePageTest -->
